

Version:	3.50
CmdLine:	C:\Users\pedro.henrique\OneDrive\Área de Trabalho\Programação\Programas\POO\Projeto-de-Conclus-o-da-Disciplina-de-POO\Sistema de Gestão de Biblioteca Acadêmica\teste1.exe --l4j-debug
JNI:		No
WOW64:		Yes
Working dir:	C:\Users\pedro.henrique\OneDrive\Área de Trabalho\Programação\Programas\POO\Projeto-de-Conclus-o-da-Disciplina-de-POO\Sistema de Gestão de Biblioteca Acadêmica\.
Requires JDK:	No
Requires 64-Bit: No
Java min ver:	
Java max ver:	
Substitute:	JAVA_HOME = 
Substitute:	PATH = C:\Program Files\Common Files\Oracle\Java\javapath;C:\WINDOWS\system32;C:\WINDOWS;C:\WINDOWS\System32\Wbem;C:\WINDOWS\System32\WindowsPowerShell\v1.0\;C:\WINDOWS\System32\OpenSSH\;C:\Program Files\dotnet\;C:\Program Files\NVIDIA Corporation\NVIDIA App\NvDLISR;C:\Program Files (x86)\NVIDIA Corporation\PhysX\Common;C:\Program Files\BackupClient\CommandLineTool\;C:\Program Files (x86)\Common Files\Acronis\FileProtector\;C:\Program Files (x86)\Common Files\Acronis\FileProtector64\;C:\Program Files\BackupClient\PyShell\bin\;C:\Program Files (x86)\Common Files\Acronis\SnapAPI\;C:\Program Files\Git\cmd;C:\Users\pedro.henrique\AppData\Local\Microsoft\WindowsApps;C:\Users\pedro.henrique\AppData\Local\Programs\Microsoft VS Code\bin;C:\Users\pedro.henrique\AppData\Local\gitkraken\bin;C:\Program Files\Java\jdk-24\bin
JRE paths:	;C:\Program Files\Common Files\Oracle\Java\javapath;C:\WINDOWS\system32;C:\WINDOWS;C:\WINDOWS\System32\Wbem;C:\WINDOWS\System32\WindowsPowerShell\v1.0\;C:\WINDOWS\System32\OpenSSH\;C:\Program Files\dotnet\;C:\Program Files\NVIDIA Corporation\NVIDIA App\NvDLISR;C:\Program Files (x86)\NVIDIA Corporation\PhysX\Common;C:\Program Files\BackupClient\CommandLineTool\;C:\Program Files (x86)\Common Files\Acronis\FileProtector\;C:\Program Files (x86)\Common Files\Acronis\FileProtector64\;C:\Program Files\BackupClient\PyShell\bin\;C:\Program Files (x86)\Common Files\Acronis\SnapAPI\;C:\Program Files\Git\cmd;C:\Users\pedro.henrique\AppData\Local\Microsoft\WindowsApps;C:\Users\pedro.henrique\AppData\Local\Programs\Microsoft VS Code\bin;C:\Users\pedro.henrique\AppData\Local\gitkraken\bin;C:\Program Files\Java\jdk-24\bin
Check launcher:	C:\Program Files\Common Files\Oracle\Java\javapath\bin\javaw.exe (not found)
Check launcher:	C:\WINDOWS\system32\bin\javaw.exe (not found)
Check launcher:	C:\WINDOWS\bin\javaw.exe (not found)
Check launcher:	C:\WINDOWS\System32\Wbem\bin\javaw.exe (not found)
Check launcher:	C:\WINDOWS\System32\WindowsPowerShell\v1.0\bin\javaw.exe (not found)
Check launcher:	C:\WINDOWS\System32\OpenSSH\bin\javaw.exe (not found)
Check launcher:	C:\Program Files\dotnet\bin\javaw.exe (not found)
Check launcher:	C:\Program Files\NVIDIA Corporation\NVIDIA App\NvDLISR\bin\javaw.exe (not found)
Check launcher:	C:\Program Files (x86)\NVIDIA Corporation\PhysX\Common\bin\javaw.exe (not found)
Check launcher:	C:\Program Files\BackupClient\CommandLineTool\bin\javaw.exe (not found)
Check launcher:	C:\Program Files (x86)\Common Files\Acronis\FileProtector\bin\javaw.exe (not found)
Check launcher:	C:\Program Files (x86)\Common Files\Acronis\FileProtector64\bin\javaw.exe (not found)
Check launcher:	C:\Program Files\BackupClient\PyShell\bin\bin\javaw.exe (not found)
Check launcher:	C:\Program Files (x86)\Common Files\Acronis\SnapAPI\bin\javaw.exe (not found)
Check launcher:	C:\Program Files\Git\cmd\bin\javaw.exe (not found)
Check launcher:	C:\Users\pedro.henrique\AppData\Local\Microsoft\WindowsApps\bin\javaw.exe (not found)
Check launcher:	C:\Users\pedro.henrique\AppData\Local\Programs\Microsoft VS Code\bin\javaw.exe (not found)
Check launcher:	C:\Users\pedro.henrique\AppData\Local\gitkraken\bin\javaw.exe (not found)
Check launcher:	C:\Program Files\Java\jdk-24\bin\javaw.exe (OK)
Version string: 1.024.000 / 64-Bit (OK)
Launcher:	C:\Program Files\Java\jdk-24\bin\javaw.exe
Launcher args:	-jar "C:\Users\pedro.henrique\OneDrive\Área de Trabalho\Programação\Programas\POO\Projeto-de-Conclus-o-da-Disciplina-de-POO\Sistema de Gestão de Biblioteca Acadêmica\teste1.exe"
Args length:	177/32768 chars
Exit code:	0


Version:	3.50
CmdLine:	C:\Users\pedro.henrique\OneDrive\Área de Trabalho\Programação\Programas\POO\Projeto-de-Conclus-o-da-Disciplina-de-POO\Sistema de Gestão de Biblioteca Acadêmica\teste1.exe --l4j-debug
JNI:		No
WOW64:		Yes
Working dir:	C:\Users\pedro.henrique\OneDrive\Área de Trabalho\Programação\Programas\POO\Projeto-de-Conclus-o-da-Disciplina-de-POO\Sistema de Gestão de Biblioteca Acadêmica\.
Requires JDK:	Yes
Requires 64-Bit: No
Java min ver:	
Java max ver:	
Substitute:	JAVA_HOME = 
Substitute:	PATH = C:\Program Files\Common Files\Oracle\Java\javapath;C:\WINDOWS\system32;C:\WINDOWS;C:\WINDOWS\System32\Wbem;C:\WINDOWS\System32\WindowsPowerShell\v1.0\;C:\WINDOWS\System32\OpenSSH\;C:\Program Files\dotnet\;C:\Program Files\NVIDIA Corporation\NVIDIA App\NvDLISR;C:\Program Files (x86)\NVIDIA Corporation\PhysX\Common;C:\Program Files\BackupClient\CommandLineTool\;C:\Program Files (x86)\Common Files\Acronis\FileProtector\;C:\Program Files (x86)\Common Files\Acronis\FileProtector64\;C:\Program Files\BackupClient\PyShell\bin\;C:\Program Files (x86)\Common Files\Acronis\SnapAPI\;C:\Program Files\Git\cmd;C:\Users\pedro.henrique\AppData\Local\Microsoft\WindowsApps;C:\Users\pedro.henrique\AppData\Local\Programs\Microsoft VS Code\bin;C:\Users\pedro.henrique\AppData\Local\gitkraken\bin;C:\Program Files\Java\jdk-24\bin
JRE paths:	;C:\Program Files\Common Files\Oracle\Java\javapath;C:\WINDOWS\system32;C:\WINDOWS;C:\WINDOWS\System32\Wbem;C:\WINDOWS\System32\WindowsPowerShell\v1.0\;C:\WINDOWS\System32\OpenSSH\;C:\Program Files\dotnet\;C:\Program Files\NVIDIA Corporation\NVIDIA App\NvDLISR;C:\Program Files (x86)\NVIDIA Corporation\PhysX\Common;C:\Program Files\BackupClient\CommandLineTool\;C:\Program Files (x86)\Common Files\Acronis\FileProtector\;C:\Program Files (x86)\Common Files\Acronis\FileProtector64\;C:\Program Files\BackupClient\PyShell\bin\;C:\Program Files (x86)\Common Files\Acronis\SnapAPI\;C:\Program Files\Git\cmd;C:\Users\pedro.henrique\AppData\Local\Microsoft\WindowsApps;C:\Users\pedro.henrique\AppData\Local\Programs\Microsoft VS Code\bin;C:\Users\pedro.henrique\AppData\Local\gitkraken\bin;C:\Program Files\Java\jdk-24\bin
Check launcher:	C:\Program Files\Common Files\Oracle\Java\javapath\bin\javaw.exe (not found)
Check launcher:	C:\WINDOWS\system32\bin\javaw.exe (not found)
Check launcher:	C:\WINDOWS\bin\javaw.exe (not found)
Check launcher:	C:\WINDOWS\System32\Wbem\bin\javaw.exe (not found)
Check launcher:	C:\WINDOWS\System32\WindowsPowerShell\v1.0\bin\javaw.exe (not found)
Check launcher:	C:\WINDOWS\System32\OpenSSH\bin\javaw.exe (not found)
Check launcher:	C:\Program Files\dotnet\bin\javaw.exe (not found)
Check launcher:	C:\Program Files\NVIDIA Corporation\NVIDIA App\NvDLISR\bin\javaw.exe (not found)
Check launcher:	C:\Program Files (x86)\NVIDIA Corporation\PhysX\Common\bin\javaw.exe (not found)
Check launcher:	C:\Program Files\BackupClient\CommandLineTool\bin\javaw.exe (not found)
Check launcher:	C:\Program Files (x86)\Common Files\Acronis\FileProtector\bin\javaw.exe (not found)
Check launcher:	C:\Program Files (x86)\Common Files\Acronis\FileProtector64\bin\javaw.exe (not found)
Check launcher:	C:\Program Files\BackupClient\PyShell\bin\bin\javaw.exe (not found)
Check launcher:	C:\Program Files (x86)\Common Files\Acronis\SnapAPI\bin\javaw.exe (not found)
Check launcher:	C:\Program Files\Git\cmd\bin\javaw.exe (not found)
Check launcher:	C:\Users\pedro.henrique\AppData\Local\Microsoft\WindowsApps\bin\javaw.exe (not found)
Check launcher:	C:\Users\pedro.henrique\AppData\Local\Programs\Microsoft VS Code\bin\javaw.exe (not found)
Check launcher:	C:\Users\pedro.henrique\AppData\Local\gitkraken\bin\javaw.exe (not found)
Check launcher:	C:\Program Files\Java\jdk-24\bin\javaw.exe (OK)
Check javac:	C:\Program Files\Java\jdk-24\bin\javac.exe (OK)
Version string: 1.024.000 / 64-Bit (OK)
Launcher:	C:\Program Files\Java\jdk-24\bin\javaw.exe
Launcher args:	-jar "C:\Users\pedro.henrique\OneDrive\Área de Trabalho\Programação\Programas\POO\Projeto-de-Conclus-o-da-Disciplina-de-POO\Sistema de Gestão de Biblioteca Acadêmica\teste1.exe"
Args length:	177/32768 chars
Exit code:	0


Version:	3.50
CmdLine:	C:\Users\pedro.henrique\OneDrive\Área de Trabalho\Programação\Programas\POO\Projeto-de-Conclus-o-da-Disciplina-de-POO\Sistema de Gestão de Biblioteca Acadêmica\teste1.exe --l4j-debug
JNI:		No
WOW64:		Yes
Working dir:	C:\Users\pedro.henrique\OneDrive\Área de Trabalho\Programação\Programas\POO\Projeto-de-Conclus-o-da-Disciplina-de-POO\Sistema de Gestão de Biblioteca Acadêmica\.
Requires JDK:	Yes
Requires 64-Bit: No
Java min ver:	
Java max ver:	
Substitute:	JAVA_HOME = 
Substitute:	PATH = C:\Program Files\Common Files\Oracle\Java\javapath;C:\WINDOWS\system32;C:\WINDOWS;C:\WINDOWS\System32\Wbem;C:\WINDOWS\System32\WindowsPowerShell\v1.0\;C:\WINDOWS\System32\OpenSSH\;C:\Program Files\dotnet\;C:\Program Files\NVIDIA Corporation\NVIDIA App\NvDLISR;C:\Program Files (x86)\NVIDIA Corporation\PhysX\Common;C:\Program Files\BackupClient\CommandLineTool\;C:\Program Files (x86)\Common Files\Acronis\FileProtector\;C:\Program Files (x86)\Common Files\Acronis\FileProtector64\;C:\Program Files\BackupClient\PyShell\bin\;C:\Program Files (x86)\Common Files\Acronis\SnapAPI\;C:\Program Files\Git\cmd;C:\Users\pedro.henrique\AppData\Local\Microsoft\WindowsApps;C:\Users\pedro.henrique\AppData\Local\Programs\Microsoft VS Code\bin;C:\Users\pedro.henrique\AppData\Local\gitkraken\bin;C:\Program Files\Java\jdk-24\bin
JRE paths:	;C:\Program Files\Common Files\Oracle\Java\javapath;C:\WINDOWS\system32;C:\WINDOWS;C:\WINDOWS\System32\Wbem;C:\WINDOWS\System32\WindowsPowerShell\v1.0\;C:\WINDOWS\System32\OpenSSH\;C:\Program Files\dotnet\;C:\Program Files\NVIDIA Corporation\NVIDIA App\NvDLISR;C:\Program Files (x86)\NVIDIA Corporation\PhysX\Common;C:\Program Files\BackupClient\CommandLineTool\;C:\Program Files (x86)\Common Files\Acronis\FileProtector\;C:\Program Files (x86)\Common Files\Acronis\FileProtector64\;C:\Program Files\BackupClient\PyShell\bin\;C:\Program Files (x86)\Common Files\Acronis\SnapAPI\;C:\Program Files\Git\cmd;C:\Users\pedro.henrique\AppData\Local\Microsoft\WindowsApps;C:\Users\pedro.henrique\AppData\Local\Programs\Microsoft VS Code\bin;C:\Users\pedro.henrique\AppData\Local\gitkraken\bin;C:\Program Files\Java\jdk-24\bin
Check launcher:	C:\Program Files\Common Files\Oracle\Java\javapath\bin\javaw.exe (not found)
Check launcher:	C:\WINDOWS\system32\bin\javaw.exe (not found)
Check launcher:	C:\WINDOWS\bin\javaw.exe (not found)
Check launcher:	C:\WINDOWS\System32\Wbem\bin\javaw.exe (not found)
Check launcher:	C:\WINDOWS\System32\WindowsPowerShell\v1.0\bin\javaw.exe (not found)
Check launcher:	C:\WINDOWS\System32\OpenSSH\bin\javaw.exe (not found)
Check launcher:	C:\Program Files\dotnet\bin\javaw.exe (not found)
Check launcher:	C:\Program Files\NVIDIA Corporation\NVIDIA App\NvDLISR\bin\javaw.exe (not found)
Check launcher:	C:\Program Files (x86)\NVIDIA Corporation\PhysX\Common\bin\javaw.exe (not found)
Check launcher:	C:\Program Files\BackupClient\CommandLineTool\bin\javaw.exe (not found)
Check launcher:	C:\Program Files (x86)\Common Files\Acronis\FileProtector\bin\javaw.exe (not found)
Check launcher:	C:\Program Files (x86)\Common Files\Acronis\FileProtector64\bin\javaw.exe (not found)
Check launcher:	C:\Program Files\BackupClient\PyShell\bin\bin\javaw.exe (not found)
Check launcher:	C:\Program Files (x86)\Common Files\Acronis\SnapAPI\bin\javaw.exe (not found)
Check launcher:	C:\Program Files\Git\cmd\bin\javaw.exe (not found)
Check launcher:	C:\Users\pedro.henrique\AppData\Local\Microsoft\WindowsApps\bin\javaw.exe (not found)
Check launcher:	C:\Users\pedro.henrique\AppData\Local\Programs\Microsoft VS Code\bin\javaw.exe (not found)
Check launcher:	C:\Users\pedro.henrique\AppData\Local\gitkraken\bin\javaw.exe (not found)
Check launcher:	C:\Program Files\Java\jdk-24\bin\javaw.exe (OK)
Check javac:	C:\Program Files\Java\jdk-24\bin\javac.exe (OK)
Version string: 1.024.000 / 64-Bit (OK)
Launcher:	C:\Program Files\Java\jdk-24\bin\javaw.exe
Launcher args:	-jar "C:\Users\pedro.henrique\OneDrive\Área de Trabalho\Programação\Programas\POO\Projeto-de-Conclus-o-da-Disciplina-de-POO\Sistema de Gestão de Biblioteca Acadêmica\teste1.exe"
Args length:	177/32768 chars
Exit code:	0


Version:	3.50
CmdLine:	C:\Users\pedro.henrique\OneDrive\Área de Trabalho\Programação\Programas\POO\Projeto-de-Conclus-o-da-Disciplina-de-POO\Sistema de Gestão de Biblioteca Acadêmica\teste1.exe --l4j-debug
JNI:		No
WOW64:		Yes
Working dir:	C:\Users\pedro.henrique\OneDrive\Área de Trabalho\Programação\Programas\POO\Projeto-de-Conclus-o-da-Disciplina-de-POO\Sistema de Gestão de Biblioteca Acadêmica\.
Requires JDK:	Yes
Requires 64-Bit: No
Java min ver:	
Java max ver:	
Substitute:	JAVA_HOME = 
Substitute:	PATH = C:\Program Files\Common Files\Oracle\Java\javapath;C:\WINDOWS\system32;C:\WINDOWS;C:\WINDOWS\System32\Wbem;C:\WINDOWS\System32\WindowsPowerShell\v1.0\;C:\WINDOWS\System32\OpenSSH\;C:\Program Files\dotnet\;C:\Program Files\NVIDIA Corporation\NVIDIA App\NvDLISR;C:\Program Files (x86)\NVIDIA Corporation\PhysX\Common;C:\Program Files\BackupClient\CommandLineTool\;C:\Program Files (x86)\Common Files\Acronis\FileProtector\;C:\Program Files (x86)\Common Files\Acronis\FileProtector64\;C:\Program Files\BackupClient\PyShell\bin\;C:\Program Files (x86)\Common Files\Acronis\SnapAPI\;C:\Program Files\Git\cmd;C:\Users\pedro.henrique\AppData\Local\Microsoft\WindowsApps;C:\Users\pedro.henrique\AppData\Local\Programs\Microsoft VS Code\bin;C:\Users\pedro.henrique\AppData\Local\gitkraken\bin;C:\Program Files\Java\jdk-24\bin
JRE paths:	;C:\Program Files\Common Files\Oracle\Java\javapath;C:\WINDOWS\system32;C:\WINDOWS;C:\WINDOWS\System32\Wbem;C:\WINDOWS\System32\WindowsPowerShell\v1.0\;C:\WINDOWS\System32\OpenSSH\;C:\Program Files\dotnet\;C:\Program Files\NVIDIA Corporation\NVIDIA App\NvDLISR;C:\Program Files (x86)\NVIDIA Corporation\PhysX\Common;C:\Program Files\BackupClient\CommandLineTool\;C:\Program Files (x86)\Common Files\Acronis\FileProtector\;C:\Program Files (x86)\Common Files\Acronis\FileProtector64\;C:\Program Files\BackupClient\PyShell\bin\;C:\Program Files (x86)\Common Files\Acronis\SnapAPI\;C:\Program Files\Git\cmd;C:\Users\pedro.henrique\AppData\Local\Microsoft\WindowsApps;C:\Users\pedro.henrique\AppData\Local\Programs\Microsoft VS Code\bin;C:\Users\pedro.henrique\AppData\Local\gitkraken\bin;C:\Program Files\Java\jdk-24\bin
Check launcher:	C:\Program Files\Common Files\Oracle\Java\javapath\bin\javaw.exe (not found)
Check launcher:	C:\WINDOWS\system32\bin\javaw.exe (not found)
Check launcher:	C:\WINDOWS\bin\javaw.exe (not found)
Check launcher:	C:\WINDOWS\System32\Wbem\bin\javaw.exe (not found)
Check launcher:	C:\WINDOWS\System32\WindowsPowerShell\v1.0\bin\javaw.exe (not found)
Check launcher:	C:\WINDOWS\System32\OpenSSH\bin\javaw.exe (not found)
Check launcher:	C:\Program Files\dotnet\bin\javaw.exe (not found)
Check launcher:	C:\Program Files\NVIDIA Corporation\NVIDIA App\NvDLISR\bin\javaw.exe (not found)
Check launcher:	C:\Program Files (x86)\NVIDIA Corporation\PhysX\Common\bin\javaw.exe (not found)
Check launcher:	C:\Program Files\BackupClient\CommandLineTool\bin\javaw.exe (not found)
Check launcher:	C:\Program Files (x86)\Common Files\Acronis\FileProtector\bin\javaw.exe (not found)
Check launcher:	C:\Program Files (x86)\Common Files\Acronis\FileProtector64\bin\javaw.exe (not found)
Check launcher:	C:\Program Files\BackupClient\PyShell\bin\bin\javaw.exe (not found)
Check launcher:	C:\Program Files (x86)\Common Files\Acronis\SnapAPI\bin\javaw.exe (not found)
Check launcher:	C:\Program Files\Git\cmd\bin\javaw.exe (not found)
Check launcher:	C:\Users\pedro.henrique\AppData\Local\Microsoft\WindowsApps\bin\javaw.exe (not found)
Check launcher:	C:\Users\pedro.henrique\AppData\Local\Programs\Microsoft VS Code\bin\javaw.exe (not found)
Check launcher:	C:\Users\pedro.henrique\AppData\Local\gitkraken\bin\javaw.exe (not found)
Check launcher:	C:\Program Files\Java\jdk-24\bin\javaw.exe (OK)
Check javac:	C:\Program Files\Java\jdk-24\bin\javac.exe (OK)
Version string: 1.024.000 / 64-Bit (OK)
Launcher:	C:\Program Files\Java\jdk-24\bin\javaw.exe
Launcher args:	-jar "C:\Users\pedro.henrique\OneDrive\Área de Trabalho\Programação\Programas\POO\Projeto-de-Conclus-o-da-Disciplina-de-POO\Sistema de Gestão de Biblioteca Acadêmica\teste1.exe"
Args length:	177/32768 chars
Exit code:	0


Version:	3.50
CmdLine:	C:\Users\pedro.henrique\OneDrive\Área de Trabalho\Programação\Programas\POO\Projeto-de-Conclus-o-da-Disciplina-de-POO\Sistema de Gestão de Biblioteca Acadêmica\teste1.exe --l4j-debug
JNI:		No
WOW64:		Yes
Working dir:	C:\Users\pedro.henrique\OneDrive\Área de Trabalho\Programação\Programas\POO\Projeto-de-Conclus-o-da-Disciplina-de-POO\Sistema de Gestão de Biblioteca Acadêmica\.
Requires JDK:	No
Requires 64-Bit: No
Java min ver:	
Java max ver:	
Substitute:	JAVA_HOME = 
Substitute:	PATH = C:\Program Files\Common Files\Oracle\Java\javapath;C:\WINDOWS\system32;C:\WINDOWS;C:\WINDOWS\System32\Wbem;C:\WINDOWS\System32\WindowsPowerShell\v1.0\;C:\WINDOWS\System32\OpenSSH\;C:\Program Files\dotnet\;C:\Program Files\NVIDIA Corporation\NVIDIA App\NvDLISR;C:\Program Files (x86)\NVIDIA Corporation\PhysX\Common;C:\Program Files\BackupClient\CommandLineTool\;C:\Program Files (x86)\Common Files\Acronis\FileProtector\;C:\Program Files (x86)\Common Files\Acronis\FileProtector64\;C:\Program Files\BackupClient\PyShell\bin\;C:\Program Files (x86)\Common Files\Acronis\SnapAPI\;C:\Program Files\Git\cmd;C:\Users\pedro.henrique\AppData\Local\Microsoft\WindowsApps;C:\Users\pedro.henrique\AppData\Local\Programs\Microsoft VS Code\bin;C:\Users\pedro.henrique\AppData\Local\gitkraken\bin;C:\Program Files\Java\jdk-24\bin
JRE paths:	;C:\Program Files\Common Files\Oracle\Java\javapath;C:\WINDOWS\system32;C:\WINDOWS;C:\WINDOWS\System32\Wbem;C:\WINDOWS\System32\WindowsPowerShell\v1.0\;C:\WINDOWS\System32\OpenSSH\;C:\Program Files\dotnet\;C:\Program Files\NVIDIA Corporation\NVIDIA App\NvDLISR;C:\Program Files (x86)\NVIDIA Corporation\PhysX\Common;C:\Program Files\BackupClient\CommandLineTool\;C:\Program Files (x86)\Common Files\Acronis\FileProtector\;C:\Program Files (x86)\Common Files\Acronis\FileProtector64\;C:\Program Files\BackupClient\PyShell\bin\;C:\Program Files (x86)\Common Files\Acronis\SnapAPI\;C:\Program Files\Git\cmd;C:\Users\pedro.henrique\AppData\Local\Microsoft\WindowsApps;C:\Users\pedro.henrique\AppData\Local\Programs\Microsoft VS Code\bin;C:\Users\pedro.henrique\AppData\Local\gitkraken\bin;C:\Program Files\Java\jdk-24\bin
Check launcher:	C:\Program Files\Common Files\Oracle\Java\javapath\bin\javaw.exe (not found)
Check launcher:	C:\WINDOWS\system32\bin\javaw.exe (not found)
Check launcher:	C:\WINDOWS\bin\javaw.exe (not found)
Check launcher:	C:\WINDOWS\System32\Wbem\bin\javaw.exe (not found)
Check launcher:	C:\WINDOWS\System32\WindowsPowerShell\v1.0\bin\javaw.exe (not found)
Check launcher:	C:\WINDOWS\System32\OpenSSH\bin\javaw.exe (not found)
Check launcher:	C:\Program Files\dotnet\bin\javaw.exe (not found)
Check launcher:	C:\Program Files\NVIDIA Corporation\NVIDIA App\NvDLISR\bin\javaw.exe (not found)
Check launcher:	C:\Program Files (x86)\NVIDIA Corporation\PhysX\Common\bin\javaw.exe (not found)
Check launcher:	C:\Program Files\BackupClient\CommandLineTool\bin\javaw.exe (not found)
Check launcher:	C:\Program Files (x86)\Common Files\Acronis\FileProtector\bin\javaw.exe (not found)
Check launcher:	C:\Program Files (x86)\Common Files\Acronis\FileProtector64\bin\javaw.exe (not found)
Check launcher:	C:\Program Files\BackupClient\PyShell\bin\bin\javaw.exe (not found)
Check launcher:	C:\Program Files (x86)\Common Files\Acronis\SnapAPI\bin\javaw.exe (not found)
Check launcher:	C:\Program Files\Git\cmd\bin\javaw.exe (not found)
Check launcher:	C:\Users\pedro.henrique\AppData\Local\Microsoft\WindowsApps\bin\javaw.exe (not found)
Check launcher:	C:\Users\pedro.henrique\AppData\Local\Programs\Microsoft VS Code\bin\javaw.exe (not found)
Check launcher:	C:\Users\pedro.henrique\AppData\Local\gitkraken\bin\javaw.exe (not found)
Check launcher:	C:\Program Files\Java\jdk-24\bin\javaw.exe (OK)
Version string: 1.024.000 / 64-Bit (OK)
Launcher:	C:\Program Files\Java\jdk-24\bin\javaw.exe
Launcher args:	--enable-preview -jar "C:\Users\pedro.henrique\OneDrive\Área de Trabalho\Programação\Programas\POO\Projeto-de-Conclus-o-da-Disciplina-de-POO\Sistema de Gestão de Biblioteca Acadêmica\teste1.exe"
Args length:	194/32768 chars
Exit code:	0


Version:	3.50
CmdLine:	C:\Users\pedro.henrique\OneDrive\Área de Trabalho\Programação\Programas\POO\Projeto-de-Conclus-o-da-Disciplina-de-POO\Sistema de Gestão de Biblioteca Acadêmica\teste1.exe --l4j-debug
JNI:		No
WOW64:		Yes
Working dir:	C:\Users\pedro.henrique\OneDrive\Área de Trabalho\Programação\Programas\POO\Projeto-de-Conclus-o-da-Disciplina-de-POO\Sistema de Gestão de Biblioteca Acadêmica\.
Requires JDK:	No
Requires 64-Bit: No
Java min ver:	
Java max ver:	
Substitute:	JAVA_HOME = 
Substitute:	PATH = C:\Program Files\Common Files\Oracle\Java\javapath;C:\WINDOWS\system32;C:\WINDOWS;C:\WINDOWS\System32\Wbem;C:\WINDOWS\System32\WindowsPowerShell\v1.0\;C:\WINDOWS\System32\OpenSSH\;C:\Program Files\dotnet\;C:\Program Files\NVIDIA Corporation\NVIDIA App\NvDLISR;C:\Program Files (x86)\NVIDIA Corporation\PhysX\Common;C:\Program Files\BackupClient\CommandLineTool\;C:\Program Files (x86)\Common Files\Acronis\FileProtector\;C:\Program Files (x86)\Common Files\Acronis\FileProtector64\;C:\Program Files\BackupClient\PyShell\bin\;C:\Program Files (x86)\Common Files\Acronis\SnapAPI\;C:\Program Files\Git\cmd;C:\Users\pedro.henrique\AppData\Local\Microsoft\WindowsApps;C:\Users\pedro.henrique\AppData\Local\Programs\Microsoft VS Code\bin;C:\Users\pedro.henrique\AppData\Local\gitkraken\bin;C:\Program Files\Java\jdk-24\bin
JRE paths:	;C:\Program Files\Common Files\Oracle\Java\javapath;C:\WINDOWS\system32;C:\WINDOWS;C:\WINDOWS\System32\Wbem;C:\WINDOWS\System32\WindowsPowerShell\v1.0\;C:\WINDOWS\System32\OpenSSH\;C:\Program Files\dotnet\;C:\Program Files\NVIDIA Corporation\NVIDIA App\NvDLISR;C:\Program Files (x86)\NVIDIA Corporation\PhysX\Common;C:\Program Files\BackupClient\CommandLineTool\;C:\Program Files (x86)\Common Files\Acronis\FileProtector\;C:\Program Files (x86)\Common Files\Acronis\FileProtector64\;C:\Program Files\BackupClient\PyShell\bin\;C:\Program Files (x86)\Common Files\Acronis\SnapAPI\;C:\Program Files\Git\cmd;C:\Users\pedro.henrique\AppData\Local\Microsoft\WindowsApps;C:\Users\pedro.henrique\AppData\Local\Programs\Microsoft VS Code\bin;C:\Users\pedro.henrique\AppData\Local\gitkraken\bin;C:\Program Files\Java\jdk-24\bin
Check launcher:	C:\Program Files\Common Files\Oracle\Java\javapath\bin\javaw.exe (not found)
Check launcher:	C:\WINDOWS\system32\bin\javaw.exe (not found)
Check launcher:	C:\WINDOWS\bin\javaw.exe (not found)
Check launcher:	C:\WINDOWS\System32\Wbem\bin\javaw.exe (not found)
Check launcher:	C:\WINDOWS\System32\WindowsPowerShell\v1.0\bin\javaw.exe (not found)
Check launcher:	C:\WINDOWS\System32\OpenSSH\bin\javaw.exe (not found)
Check launcher:	C:\Program Files\dotnet\bin\javaw.exe (not found)
Check launcher:	C:\Program Files\NVIDIA Corporation\NVIDIA App\NvDLISR\bin\javaw.exe (not found)
Check launcher:	C:\Program Files (x86)\NVIDIA Corporation\PhysX\Common\bin\javaw.exe (not found)
Check launcher:	C:\Program Files\BackupClient\CommandLineTool\bin\javaw.exe (not found)
Check launcher:	C:\Program Files (x86)\Common Files\Acronis\FileProtector\bin\javaw.exe (not found)
Check launcher:	C:\Program Files (x86)\Common Files\Acronis\FileProtector64\bin\javaw.exe (not found)
Check launcher:	C:\Program Files\BackupClient\PyShell\bin\bin\javaw.exe (not found)
Check launcher:	C:\Program Files (x86)\Common Files\Acronis\SnapAPI\bin\javaw.exe (not found)
Check launcher:	C:\Program Files\Git\cmd\bin\javaw.exe (not found)
Check launcher:	C:\Users\pedro.henrique\AppData\Local\Microsoft\WindowsApps\bin\javaw.exe (not found)
Check launcher:	C:\Users\pedro.henrique\AppData\Local\Programs\Microsoft VS Code\bin\javaw.exe (not found)
Check launcher:	C:\Users\pedro.henrique\AppData\Local\gitkraken\bin\javaw.exe (not found)
Check launcher:	C:\Program Files\Java\jdk-24\bin\javaw.exe (OK)
Version string: 1.024.000 / 64-Bit (OK)
Launcher:	C:\Program Files\Java\jdk-24\bin\javaw.exe
Launcher args:	--enable-preview -jar "C:\Users\pedro.henrique\OneDrive\Área de Trabalho\Programação\Programas\POO\Projeto-de-Conclus-o-da-Disciplina-de-POO\Sistema de Gestão de Biblioteca Acadêmica\teste1.exe"
Args length:	194/32768 chars
Exit code:	0


Version:	3.50
CmdLine:	C:\Users\pedro.henrique\OneDrive\Área de Trabalho\Programação\Programas\POO\Projeto-de-Conclus-o-da-Disciplina-de-POO\Sistema de Gestão de Biblioteca Acadêmica\teste1.exe --l4j-debug
JNI:		No
WOW64:		Yes
Working dir:	C:\Users\pedro.henrique\OneDrive\Área de Trabalho\Programação\Programas\POO\Projeto-de-Conclus-o-da-Disciplina-de-POO\Sistema de Gestão de Biblioteca Acadêmica\.
Requires JDK:	No
Requires 64-Bit: No
Java min ver:	
Java max ver:	
JRE paths:	C:\Program Files\Java\jdk-24\bin
Check launcher:	C:\Program Files\Java\jdk-24\bin\javaw.exe (OK)
Version string: 1.024.000 / 64-Bit (OK)
Launcher:	C:\Program Files\Java\jdk-24\bin\javaw.exe
Launcher args:	--enable-preview -jar "C:\Users\pedro.henrique\OneDrive\Área de Trabalho\Programação\Programas\POO\Projeto-de-Conclus-o-da-Disciplina-de-POO\Sistema de Gestão de Biblioteca Acadêmica\teste1.exe"
Args length:	194/32768 chars
Exit code:	0
